c:\users\ho\documents\visual studio 2013\projects\phys3d\phys3d\debug\error.obj
c:\users\ho\documents\visual studio 2013\projects\phys3d\phys3d\debug\framecontrol.obj
c:\users\ho\documents\visual studio 2013\projects\phys3d\phys3d\debug\quaternion.obj
c:\users\ho\documents\visual studio 2013\projects\phys3d\phys3d\debug\shader.obj
c:\users\ho\documents\visual studio 2013\projects\phys3d\phys3d\debug\solver.obj
c:\users\ho\documents\visual studio 2013\projects\phys3d\phys3d\debug\phys3d.obj
c:\users\ho\documents\visual studio 2013\projects\phys3d\phys3d\debug\shadersimple.obj
c:\users\ho\documents\visual studio 2013\projects\phys3d\phys3d\debug\app.obj
c:\users\ho\documents\visual studio 2013\projects\phys3d\phys3d\debug\matrix.obj
c:\users\ho\documents\visual studio 2013\projects\phys3d\phys3d\debug\orderchecker.obj
c:\users\ho\documents\visual studio 2013\projects\phys3d\phys3d\debug\window.obj
c:\users\ho\documents\visual studio 2013\projects\phys3d\phys3d\debug\collision.obj
c:\users\ho\documents\visual studio 2013\projects\phys3d\phys3d\debug\world.obj
c:\users\ho\documents\visual studio 2013\projects\phys3d\phys3d\debug\winmain.obj
c:\users\ho\documents\visual studio 2013\projects\phys3d\phys3d\debug\d3d11.obj
c:\users\ho\documents\visual studio 2013\projects\phys3d\phys3d\debug\messageloop.obj
c:\users\ho\documents\visual studio 2013\projects\phys3d\phys3d\debug\vector.obj
c:\users\ho\documents\visual studio 2013\projects\phys3d\phys3d\debug\tstring.obj
c:\users\ho\documents\visual studio 2013\projects\phys3d\phys3d\debug\bodycreator.obj
c:\users\ho\documents\visual studio 2013\projects\phys3d\phys3d\debug\shader2dtexture.obj
c:\users\ho\documents\visual studio 2013\projects\phys3d\phys3d\debug\appcore.obj
c:\users\ho\documents\visual studio 2013\projects\phys3d\phys3d\debug\multithread.obj
c:\users\ho\documents\visual studio 2013\projects\phys3d\phys3d\debug\profiler.obj
c:\users\ho\documents\visual studio 2013\projects\phys3d\phys3d\debug\body.obj
c:\users\ho\documents\visual studio 2013\projects\phys3d\phys3d\debug\mesh.obj
c:\users\ho\documents\visual studio 2013\projects\phys3d\phys3d\debug\vc120.pdb
c:\users\ho\documents\visual studio 2013\projects\phys3d\phys3d\debug\vc120.idb
c:\users\ho\documents\visual studio 2013\projects\phys3d\phys3d\debug\element.obj
c:\users\ho\documents\visual studio 2013\projects\phys3d\debug\phys3d.ilk
c:\users\ho\documents\visual studio 2013\projects\phys3d\debug\phys3d.exe
c:\users\ho\documents\visual studio 2013\projects\phys3d\debug\phys3d.pdb
c:\users\ho\documents\visual studio 2013\projects\phys3d\debug\2dtexture.cso
c:\users\ho\documents\visual studio 2013\projects\phys3d\debug\simple.cso
c:\users\ho\documents\visual studio 2013\projects\phys3d\phys3d\debug\phys3d.tlog\cl.command.1.tlog
c:\users\ho\documents\visual studio 2013\projects\phys3d\phys3d\debug\phys3d.tlog\cl.read.1.tlog
c:\users\ho\documents\visual studio 2013\projects\phys3d\phys3d\debug\phys3d.tlog\cl.write.1.tlog
c:\users\ho\documents\visual studio 2013\projects\phys3d\phys3d\debug\phys3d.tlog\link-cvtres.read.1.tlog
c:\users\ho\documents\visual studio 2013\projects\phys3d\phys3d\debug\phys3d.tlog\link-cvtres.write.1.tlog
c:\users\ho\documents\visual studio 2013\projects\phys3d\phys3d\debug\phys3d.tlog\link-rc.read.1.tlog
c:\users\ho\documents\visual studio 2013\projects\phys3d\phys3d\debug\phys3d.tlog\link-rc.write.1.tlog
c:\users\ho\documents\visual studio 2013\projects\phys3d\phys3d\debug\phys3d.tlog\link.5640-cvtres.read.1.tlog
c:\users\ho\documents\visual studio 2013\projects\phys3d\phys3d\debug\phys3d.tlog\link.5640-cvtres.write.1.tlog
c:\users\ho\documents\visual studio 2013\projects\phys3d\phys3d\debug\phys3d.tlog\link.5640-rc.read.1.tlog
c:\users\ho\documents\visual studio 2013\projects\phys3d\phys3d\debug\phys3d.tlog\link.5640-rc.write.1.tlog
c:\users\ho\documents\visual studio 2013\projects\phys3d\phys3d\debug\phys3d.tlog\link.5640.read.1.tlog
c:\users\ho\documents\visual studio 2013\projects\phys3d\phys3d\debug\phys3d.tlog\link.5640.write.1.tlog
c:\users\ho\documents\visual studio 2013\projects\phys3d\phys3d\debug\phys3d.tlog\link.command.1.tlog
c:\users\ho\documents\visual studio 2013\projects\phys3d\phys3d\debug\phys3d.tlog\link.read.1.tlog
c:\users\ho\documents\visual studio 2013\projects\phys3d\phys3d\debug\phys3d.tlog\link.write.1.tlog
c:\users\ho\documents\visual studio 2013\projects\phys3d\phys3d\debug\phys3d.tlog\phys3d.write.1u.tlog
